<?xml version="1.0" encoding="UTF-8"?>
<testng-results ignored="0" total="1" passed="1" failed="0" skipped="0">
  <reporter-output>
  </reporter-output>
  <suite started-at="2022-01-24T17:15:24 IST" name="Default suite" finished-at="2022-01-24T17:15:24 IST" duration-ms="312">
    <groups>
    </groups>
    <test started-at="2022-01-24T17:15:24 IST" name="Default test" finished-at="2022-01-24T17:15:24 IST" duration-ms="312">
      <class name="demogithub.Demogit">
        <test-method signature="demogit()[pri:0, instance:demogithub.Demogit@309e345f]" started-at="2022-01-24T17:15:24 IST" name="demogit" finished-at="2022-01-24T17:15:24 IST" duration-ms="47" status="PASS">
          <reporter-output>
          </reporter-output>
        </test-method> <!-- demogit -->
      </class> <!-- demogithub.Demogit -->
    </test> <!-- Default test -->
  </suite> <!-- Default suite -->
</testng-results>
